[15:53:14] [Server thread/INFO]: Starting minecraft server version 1.12
[15:53:14] [Server thread/INFO]: Loading properties
[15:53:14] [Server thread/INFO]: Default game type: CREATIVE
[15:53:14] [Server thread/INFO]: Generating keypair
[15:53:14] [Server thread/INFO]: Starting Minecraft server on *:25565
[15:53:14] [Server thread/INFO]: Using default channel type
[15:53:14] [Server thread/INFO]: This server is running CraftBukkit version git-Bukkit-ed8c725 (MC: 1.12) (Implementing API version 1.12-R0.1-SNAPSHOT)
[15:53:14] [Server thread/INFO]: [RaspberryJuice] Loading RaspberryJuice v1.10
[15:53:14] [Server thread/WARN]: **** SERVER IS RUNNING IN OFFLINE/INSECURE MODE!
[15:53:14] [Server thread/WARN]: The server will make no attempt to authenticate usernames. Beware.
[15:53:14] [Server thread/WARN]: While this makes the game possible to play without internet access, it also opens up the ability for hackers to connect with any username they choose.
[15:53:14] [Server thread/WARN]: To change this, set "online-mode" to "true" in the server.properties file.
[15:53:14] [Server thread/INFO]: Preparing level "world"
[15:53:15] [Server thread/INFO]: Preparing start region for level 0 (Seed: 9163603543718235335)
[15:53:16] [Server thread/INFO]: Preparing spawn area: 9%
[15:53:17] [Server thread/INFO]: Preparing spawn area: 15%
[15:53:18] [Server thread/INFO]: Preparing spawn area: 24%
[15:53:19] [Server thread/INFO]: Preparing spawn area: 33%
[15:53:20] [Server thread/INFO]: Preparing spawn area: 43%
[15:53:21] [Server thread/INFO]: Preparing spawn area: 55%
[15:53:22] [Server thread/INFO]: Preparing spawn area: 69%
[15:53:23] [Server thread/INFO]: Preparing spawn area: 85%
[15:53:24] [Server thread/INFO]: Preparing start region for level 1 (Seed: 9163603543718235335)
[15:53:25] [Server thread/INFO]: Preparing spawn area: 27%
[15:53:26] [Server thread/INFO]: Preparing spawn area: 55%
[15:53:27] [Server thread/INFO]: Preparing spawn area: 84%
[15:53:27] [Server thread/INFO]: Preparing start region for level 2 (Seed: 9163603543718235335)
[15:53:28] [Server thread/INFO]: [RaspberryJuice] Enabling RaspberryJuice v1.10
[15:53:28] [Server thread/INFO]: [RaspberryJuice] Using port 4711
[15:53:28] [Server thread/INFO]: [RaspberryJuice] Using ABSOLUTE locations
[15:53:28] [Server thread/INFO]: [RaspberryJuice] Using BOTH clicks for hits
[15:53:28] [Server thread/INFO]: [RaspberryJuice] ThreadListener Started
[15:53:28] [Server thread/INFO]: Server permissions file permissions.yml is empty, ignoring it
[15:53:28] [Server thread/INFO]: Done (13,830s)! For help, type "help" or "?"
[15:55:47] [Server thread/INFO]: animalito1000[/127.0.0.1:63404] logged in with entity id 2391 at ([world]248.5, 66.0, 235.5)
[15:56:02] [Server thread/INFO]: Opped animalito1000
[15:56:57] [Thread-7/INFO]: [RaspberryJuice] Starting input thread
[15:56:57] [Thread-5/INFO]: [RaspberryJuice] Opened connection to/127.0.0.1:63504.
[15:56:57] [Thread-8/INFO]: [RaspberryJuice] Starting output thread!
[15:56:58] [Server thread/INFO]:  Hello Minecraft World [m
[15:56:58] [Server thread/INFO]: [RaspberryJuice] Closed connection to/127.0.0.1:63504.
[15:57:42] [Thread-5/INFO]: [RaspberryJuice] Opened connection to/127.0.0.1:63533.
[15:57:42] [Thread-9/INFO]: [RaspberryJuice] Starting input thread
[15:57:42] [Thread-10/INFO]: [RaspberryJuice] Starting output thread!
[15:57:42] [Server thread/INFO]:  Hello Minecraft World [m
[15:57:42] [Server thread/INFO]:  Hello Minecraft World [m
[15:57:42] [Server thread/INFO]:  Hello Minecraft World [m
[15:57:42] [Server thread/INFO]:  Hello Minecraft World [m
[15:57:42] [Server thread/INFO]:  Hello Minecraft World [m
[15:57:42] [Server thread/INFO]:  Hello Minecraft World [m
[15:57:42] [Server thread/INFO]:  Hello Minecraft World [m
[15:57:43] [Server thread/INFO]:  Hello Minecraft World [m
[15:57:43] [Server thread/INFO]:  Hello Minecraft World [m
[15:57:43] [Server thread/INFO]:  Hello Minecraft World [m
[15:57:43] [Server thread/INFO]:  Hello Minecraft World [m
[15:57:43] [Server thread/INFO]:  Hello Minecraft World [m
[15:57:43] [Server thread/INFO]:  Hello Minecraft World [m
[15:57:43] [Server thread/INFO]:  Hello Minecraft World [m
[15:57:43] [Server thread/INFO]:  Hello Minecraft World [m
[15:57:43] [Server thread/INFO]:  Hello Minecraft World [m
[15:57:43] [Server thread/INFO]:  Hello Minecraft World [m
[15:57:43] [Server thread/INFO]:  Hello Minecraft World [m
[15:57:43] [Server thread/INFO]:  Hello Minecraft World [m
[15:57:43] [Server thread/INFO]:  Hello Minecraft World [m
[15:57:43] [Server thread/INFO]:  Hello Minecraft World [m
[15:57:43] [Server thread/INFO]:  Hello Minecraft World [m
[15:57:43] [Server thread/INFO]:  Hello Minecraft World [m
[15:57:43] [Server thread/INFO]:  Hello Minecraft World [m
[15:57:43] [Server thread/INFO]:  Hello Minecraft World [m
[15:57:43] [Server thread/INFO]:  Hello Minecraft World [m
[15:57:43] [Server thread/INFO]:  Hello Minecraft World [m
[15:57:44] [Server thread/INFO]:  Hello Minecraft World [m
[15:57:44] [Server thread/INFO]:  Hello Minecraft World [m
[15:57:44] [Server thread/INFO]:  Hello Minecraft World [m
[15:57:44] [Server thread/INFO]:  Hello Minecraft World [m
[15:57:44] [Server thread/INFO]:  Hello Minecraft World [m
[15:57:44] [Server thread/INFO]:  Hello Minecraft World [m
[15:57:44] [Server thread/INFO]:  Hello Minecraft World [m
[15:57:44] [Server thread/INFO]:  Hello Minecraft World [m
[15:57:44] [Server thread/INFO]:  Hello Minecraft World [m
[15:57:44] [Server thread/INFO]:  Hello Minecraft World [m
[15:57:44] [Server thread/INFO]:  Hello Minecraft World [m
[15:57:44] [Server thread/INFO]:  Hello Minecraft World [m
[15:57:44] [Server thread/INFO]:  Hello Minecraft World [m
[15:57:44] [Server thread/INFO]:  Hello Minecraft World [m
[15:57:44] [Server thread/INFO]:  Hello Minecraft World [m
[15:57:44] [Server thread/INFO]:  Hello Minecraft World [m
[15:57:44] [Server thread/INFO]:  Hello Minecraft World [m
[15:57:44] [Server thread/INFO]:  Hello Minecraft World [m
[15:57:44] [Server thread/INFO]:  Hello Minecraft World [m
[15:57:44] [Server thread/INFO]:  Hello Minecraft World [m
[15:57:45] [Server thread/INFO]:  Hello Minecraft World [m
[15:57:45] [Server thread/INFO]:  Hello Minecraft World [m
[15:57:45] [Server thread/INFO]:  Hello Minecraft World [m
[15:57:45] [Server thread/INFO]:  Hello Minecraft World [m
[15:57:45] [Server thread/INFO]:  Hello Minecraft World [m
[15:57:45] [Server thread/INFO]:  Hello Minecraft World [m
[15:57:45] [Server thread/INFO]:  Hello Minecraft World [m
[15:57:45] [Server thread/INFO]:  Hello Minecraft World [m
[15:57:45] [Server thread/INFO]:  Hello Minecraft World [m
[15:57:45] [Server thread/INFO]:  Hello Minecraft World [m
[15:57:45] [Server thread/INFO]:  Hello Minecraft World [m
[15:57:45] [Server thread/INFO]:  Hello Minecraft World [m
[15:57:45] [Server thread/INFO]:  Hello Minecraft World [m
[15:57:45] [Server thread/INFO]:  Hello Minecraft World [m
[15:57:45] [Server thread/INFO]:  Hello Minecraft World [m
[15:57:45] [Server thread/INFO]:  Hello Minecraft World [m
[15:57:45] [Server thread/INFO]:  Hello Minecraft World [m
[15:57:45] [Server thread/INFO]:  Hello Minecraft World [m
[15:57:45] [Server thread/INFO]:  Hello Minecraft World [m
[15:57:45] [Server thread/INFO]:  Hello Minecraft World [m
[15:57:46] [Server thread/INFO]:  Hello Minecraft World [m
[15:57:46] [Server thread/INFO]:  Hello Minecraft World [m
[15:57:46] [Server thread/INFO]:  Hello Minecraft World [m
[15:57:46] [Server thread/INFO]:  Hello Minecraft World [m
[15:57:46] [Server thread/INFO]:  Hello Minecraft World [m
[15:57:46] [Server thread/INFO]:  Hello Minecraft World [m
[15:57:46] [Server thread/INFO]:  Hello Minecraft World [m
[15:57:46] [Server thread/INFO]:  Hello Minecraft World [m
[15:57:46] [Server thread/INFO]:  Hello Minecraft World [m
[15:57:46] [Server thread/INFO]:  Hello Minecraft World [m
[15:57:46] [Server thread/INFO]:  Hello Minecraft World [m
[15:57:46] [Server thread/INFO]:  Hello Minecraft World [m
[15:57:46] [Server thread/INFO]:  Hello Minecraft World [m
[15:57:46] [Server thread/INFO]:  Hello Minecraft World [m
[15:57:46] [Server thread/INFO]:  Hello Minecraft World [m
[15:57:46] [Server thread/INFO]:  Hello Minecraft World [m
[15:57:46] [Server thread/INFO]:  Hello Minecraft World [m
[15:57:46] [Server thread/INFO]:  Hello Minecraft World [m
[15:57:46] [Server thread/INFO]:  Hello Minecraft World [m
[15:57:46] [Server thread/INFO]:  Hello Minecraft World [m
[15:57:47] [Server thread/INFO]:  Hello Minecraft World [m
[15:57:47] [Server thread/INFO]:  Hello Minecraft World [m
[15:57:47] [Server thread/INFO]:  Hello Minecraft World [m
[15:57:47] [Server thread/INFO]:  Hello Minecraft World [m
[15:57:47] [Server thread/INFO]:  Hello Minecraft World [m
[15:57:47] [Server thread/INFO]:  Hello Minecraft World [m
[15:57:47] [Server thread/INFO]:  Hello Minecraft World [m
[15:57:47] [Server thread/INFO]:  Hello Minecraft World [m
[15:57:47] [Server thread/INFO]:  Hello Minecraft World [m
[15:57:47] [Server thread/INFO]:  Hello Minecraft World [m
[15:57:47] [Server thread/INFO]:  Hello Minecraft World [m
[15:57:47] [Server thread/INFO]:  Hello Minecraft World [m
[15:57:47] [Server thread/INFO]:  Hello Minecraft World [m
[15:57:47] [Server thread/INFO]:  Hello Minecraft World [m
[15:57:47] [Server thread/INFO]:  Hello Minecraft World [m
[15:57:47] [Server thread/INFO]:  Hello Minecraft World [m
[15:57:47] [Server thread/INFO]:  Hello Minecraft World [m
[15:57:47] [Server thread/INFO]:  Hello Minecraft World [m
[15:57:47] [Server thread/INFO]:  Hello Minecraft World [m
[15:57:47] [Server thread/INFO]:  Hello Minecraft World [m
[15:57:48] [Server thread/INFO]:  Hello Minecraft World [m
[15:57:48] [Server thread/INFO]:  Hello Minecraft World [m
[15:57:48] [Server thread/INFO]:  Hello Minecraft World [m
[15:57:48] [Server thread/INFO]:  Hello Minecraft World [m
[15:57:48] [Server thread/INFO]:  Hello Minecraft World [m
[15:57:48] [Server thread/INFO]:  Hello Minecraft World [m
[15:57:48] [Server thread/INFO]:  Hello Minecraft World [m
[15:57:48] [Server thread/INFO]:  Hello Minecraft World [m
[15:57:48] [Server thread/INFO]:  Hello Minecraft World [m
[15:57:48] [Server thread/INFO]:  Hello Minecraft World [m
[15:57:48] [Server thread/INFO]:  Hello Minecraft World [m
[15:57:48] [Server thread/INFO]:  Hello Minecraft World [m
[15:57:48] [Server thread/INFO]:  Hello Minecraft World [m
[15:57:48] [Server thread/INFO]:  Hello Minecraft World [m
[15:57:48] [Server thread/INFO]:  Hello Minecraft World [m
[15:57:48] [Server thread/INFO]:  Hello Minecraft World [m
[15:57:48] [Server thread/INFO]:  Hello Minecraft World [m
[15:57:48] [Server thread/INFO]:  Hello Minecraft World [m
[15:57:48] [Server thread/INFO]:  Hello Minecraft World [m
[15:57:48] [Server thread/INFO]:  Hello Minecraft World [m
[15:57:49] [Server thread/INFO]:  Hello Minecraft World [m
[15:57:49] [Server thread/INFO]:  Hello Minecraft World [m
[15:57:49] [Server thread/INFO]:  Hello Minecraft World [m
[15:57:49] [Server thread/INFO]:  Hello Minecraft World [m
[15:57:49] [Server thread/INFO]:  Hello Minecraft World [m
[15:57:49] [Server thread/INFO]:  Hello Minecraft World [m
[15:57:49] [Server thread/INFO]:  Hello Minecraft World [m
[15:57:49] [Server thread/INFO]:  Hello Minecraft World [m
[15:57:49] [Server thread/INFO]:  Hello Minecraft World [m
[15:57:49] [Server thread/INFO]:  Hello Minecraft World [m
[15:57:49] [Server thread/INFO]:  Hello Minecraft World [m
[15:57:49] [Server thread/INFO]:  Hello Minecraft World [m
[15:57:49] [Server thread/INFO]:  Hello Minecraft World [m
[15:57:49] [Server thread/INFO]:  Hello Minecraft World [m
[15:57:49] [Server thread/INFO]:  Hello Minecraft World [m
[15:57:49] [Server thread/INFO]:  Hello Minecraft World [m
[15:57:49] [Server thread/INFO]:  Hello Minecraft World [m
[15:57:49] [Server thread/INFO]:  Hello Minecraft World [m
[15:57:49] [Server thread/INFO]:  Hello Minecraft World [m
[15:57:49] [Server thread/INFO]:  Hello Minecraft World [m
[15:57:50] [Server thread/INFO]:  Hello Minecraft World [m
[15:57:50] [Server thread/INFO]:  Hello Minecraft World [m
[15:57:50] [Server thread/INFO]:  Hello Minecraft World [m
[15:57:50] [Server thread/INFO]:  Hello Minecraft World [m
[15:57:50] [Server thread/INFO]:  Hello Minecraft World [m
[15:57:50] [Server thread/INFO]:  Hello Minecraft World [m
[15:57:50] [Server thread/INFO]:  Hello Minecraft World [m
[15:57:50] [Server thread/INFO]:  Hello Minecraft World [m
[15:57:50] [Server thread/INFO]:  Hello Minecraft World [m
[15:57:50] [Server thread/INFO]:  Hello Minecraft World [m
[15:57:50] [Server thread/INFO]:  Hello Minecraft World [m
[15:57:50] [Server thread/INFO]:  Hello Minecraft World [m
[15:57:50] [Server thread/INFO]:  Hello Minecraft World [m
[15:57:50] [Server thread/INFO]:  Hello Minecraft World [m
[15:57:50] [Server thread/INFO]:  Hello Minecraft World [m
[15:57:50] [Server thread/INFO]:  Hello Minecraft World [m
[15:57:50] [Server thread/INFO]:  Hello Minecraft World [m
[15:57:50] [Server thread/INFO]:  Hello Minecraft World [m
[15:57:50] [Server thread/INFO]:  Hello Minecraft World [m
[15:57:50] [Server thread/INFO]:  Hello Minecraft World [m
[15:57:51] [Server thread/INFO]:  Hello Minecraft World [m
[15:57:51] [Server thread/INFO]:  Hello Minecraft World [m
[15:57:51] [Server thread/INFO]:  Hello Minecraft World [m
[15:57:51] [Server thread/INFO]:  Hello Minecraft World [m
[15:57:51] [Server thread/INFO]:  Hello Minecraft World [m
[15:57:51] [Server thread/INFO]:  Hello Minecraft World [m
[15:57:51] [Server thread/INFO]:  Hello Minecraft World [m
[15:57:51] [Server thread/INFO]:  Hello Minecraft World [m
[15:57:51] [Server thread/INFO]:  Hello Minecraft World [m
[15:57:51] [Server thread/INFO]:  Hello Minecraft World [m
[15:57:51] [Server thread/INFO]:  Hello Minecraft World [m
[15:57:51] [Server thread/INFO]:  Hello Minecraft World [m
[15:57:51] [Server thread/INFO]:  Hello Minecraft World [m
[15:57:51] [Server thread/INFO]:  Hello Minecraft World [m
[15:57:51] [Server thread/INFO]:  Hello Minecraft World [m
[15:57:51] [Server thread/INFO]:  Hello Minecraft World [m
[15:57:51] [Server thread/INFO]:  Hello Minecraft World [m
[15:57:51] [Server thread/INFO]:  Hello Minecraft World [m
[15:57:51] [Server thread/INFO]:  Hello Minecraft World [m
[15:57:51] [Server thread/INFO]:  Hello Minecraft World [m
[15:57:52] [Server thread/INFO]:  Hello Minecraft World [m
[15:57:52] [Server thread/INFO]:  Hello Minecraft World [m
[15:57:52] [Server thread/INFO]:  Hello Minecraft World [m
[15:57:52] [Server thread/INFO]:  Hello Minecraft World [m
[15:57:52] [Server thread/INFO]:  Hello Minecraft World [m
[15:57:52] [Server thread/INFO]:  Hello Minecraft World [m
[15:57:52] [Server thread/INFO]:  Hello Minecraft World [m
[15:57:52] [Server thread/INFO]:  Hello Minecraft World [m
[15:57:52] [Server thread/INFO]:  Hello Minecraft World [m
[15:57:52] [Server thread/INFO]:  Hello Minecraft World [m
[15:57:52] [Server thread/INFO]:  Hello Minecraft World [m
[15:57:52] [Server thread/INFO]:  Hello Minecraft World [m
[15:57:52] [Server thread/INFO]:  Hello Minecraft World [m
[15:57:52] [Server thread/INFO]:  Hello Minecraft World [m
[15:57:52] [Server thread/INFO]:  Hello Minecraft World [m
[15:57:52] [Server thread/INFO]:  Hello Minecraft World [m
[15:57:52] [Server thread/INFO]:  Hello Minecraft World [m
[15:57:52] [Server thread/INFO]:  Hello Minecraft World [m
[15:57:52] [Server thread/INFO]:  Hello Minecraft World [m
[15:57:52] [Server thread/INFO]:  Hello Minecraft World [m
[15:57:53] [Server thread/INFO]:  Hello Minecraft World [m
[15:57:53] [Server thread/INFO]:  Hello Minecraft World [m
[15:57:53] [Server thread/INFO]:  Hello Minecraft World [m
[15:57:53] [Server thread/INFO]:  Hello Minecraft World [m
[15:57:53] [Server thread/INFO]:  Hello Minecraft World [m
[15:57:53] [Server thread/INFO]:  Hello Minecraft World [m
[15:57:53] [Server thread/INFO]:  Hello Minecraft World [m
[15:57:53] [Server thread/INFO]:  Hello Minecraft World [m
[15:57:53] [Server thread/INFO]:  Hello Minecraft World [m
[15:57:53] [Server thread/INFO]:  Hello Minecraft World [m
[15:57:53] [Server thread/INFO]:  Hello Minecraft World [m
[15:57:53] [Server thread/INFO]:  Hello Minecraft World [m
[15:57:53] [Server thread/INFO]:  Hello Minecraft World [m
[15:57:53] [Server thread/INFO]:  Hello Minecraft World [m
[15:57:53] [Server thread/INFO]:  Hello Minecraft World [m
[15:57:53] [Server thread/INFO]:  Hello Minecraft World [m
[15:57:53] [Server thread/INFO]:  Hello Minecraft World [m
[15:57:53] [Server thread/INFO]:  Hello Minecraft World [m
[15:57:53] [Server thread/INFO]:  Hello Minecraft World [m
[15:57:53] [Server thread/INFO]:  Hello Minecraft World [m
[15:57:54] [Server thread/INFO]:  Hello Minecraft World [m
[15:57:54] [Server thread/INFO]:  Hello Minecraft World [m
[15:57:54] [Server thread/INFO]:  Hello Minecraft World [m
[15:57:54] [Server thread/INFO]:  Hello Minecraft World [m
[15:57:54] [Server thread/INFO]:  Hello Minecraft World [m
[15:57:54] [Server thread/INFO]:  Hello Minecraft World [m
[15:57:54] [Server thread/INFO]:  Hello Minecraft World [m
[15:57:54] [Server thread/INFO]:  Hello Minecraft World [m
[15:57:54] [Server thread/INFO]:  Hello Minecraft World [m
[15:57:54] [Server thread/INFO]:  Hello Minecraft World [m
[15:57:54] [Server thread/INFO]:  Hello Minecraft World [m
[15:57:54] [Server thread/INFO]:  Hello Minecraft World [m
[15:57:54] [Server thread/INFO]:  Hello Minecraft World [m
[15:57:54] [Server thread/INFO]:  Hello Minecraft World [m
[15:57:54] [Server thread/INFO]:  Hello Minecraft World [m
[15:57:54] [Server thread/INFO]:  Hello Minecraft World [m
[15:57:54] [Server thread/INFO]:  Hello Minecraft World [m
[15:57:54] [Server thread/INFO]:  Hello Minecraft World [m
[15:57:54] [Server thread/INFO]:  Hello Minecraft World [m
[15:57:54] [Server thread/INFO]:  Hello Minecraft World [m
[15:57:55] [Server thread/INFO]:  Hello Minecraft World [m
[15:57:55] [Server thread/INFO]:  Hello Minecraft World [m
[15:57:55] [Server thread/INFO]:  Hello Minecraft World [m
[15:57:55] [Server thread/INFO]:  Hello Minecraft World [m
[15:57:55] [Server thread/INFO]:  Hello Minecraft World [m
[15:57:55] [Server thread/INFO]:  Hello Minecraft World [m
[15:57:55] [Server thread/INFO]:  Hello Minecraft World [m
[15:57:55] [Server thread/INFO]:  Hello Minecraft World [m
[15:57:55] [Server thread/INFO]:  Hello Minecraft World [m
[15:57:55] [Server thread/INFO]:  Hello Minecraft World [m
[15:57:55] [Server thread/INFO]:  Hello Minecraft World [m
[15:57:55] [Server thread/INFO]:  Hello Minecraft World [m
[15:57:55] [Server thread/INFO]:  Hello Minecraft World [m
[15:57:55] [Server thread/INFO]:  Hello Minecraft World [m
[15:57:55] [Server thread/INFO]:  Hello Minecraft World [m
[15:57:55] [Server thread/INFO]:  Hello Minecraft World [m
[15:57:55] [Server thread/INFO]:  Hello Minecraft World [m
[15:57:55] [Server thread/INFO]:  Hello Minecraft World [m
[15:57:55] [Server thread/INFO]:  Hello Minecraft World [m
[15:57:55] [Server thread/INFO]:  Hello Minecraft World [m
[15:57:56] [Server thread/INFO]:  Hello Minecraft World [m
[15:57:56] [Server thread/INFO]:  Hello Minecraft World [m
[15:57:56] [Server thread/INFO]:  Hello Minecraft World [m
[15:57:56] [Server thread/INFO]:  Hello Minecraft World [m
[15:57:56] [Server thread/INFO]:  Hello Minecraft World [m
[15:57:56] [Server thread/INFO]:  Hello Minecraft World [m
[15:57:56] [Server thread/INFO]:  Hello Minecraft World [m
[15:57:56] [Server thread/INFO]:  Hello Minecraft World [m
[15:57:56] [Server thread/INFO]:  Hello Minecraft World [m
[15:57:56] [Server thread/INFO]:  Hello Minecraft World [m
[15:57:56] [Server thread/INFO]:  Hello Minecraft World [m
[15:57:56] [Server thread/INFO]:  Hello Minecraft World [m
[15:57:56] [Server thread/INFO]:  Hello Minecraft World [m
[15:57:56] [Server thread/INFO]:  Hello Minecraft World [m
[15:57:56] [Server thread/INFO]:  Hello Minecraft World [m
[15:57:56] [Server thread/INFO]:  Hello Minecraft World [m
[15:57:56] [Server thread/INFO]:  Hello Minecraft World [m
[15:57:56] [Server thread/INFO]:  Hello Minecraft World [m
[15:57:56] [Server thread/INFO]:  Hello Minecraft World [m
[15:57:56] [Server thread/INFO]:  Hello Minecraft World [m
[15:57:57] [Server thread/INFO]:  Hello Minecraft World [m
[15:57:57] [Server thread/INFO]:  Hello Minecraft World [m
[15:57:57] [Server thread/INFO]:  Hello Minecraft World [m
[15:57:57] [Server thread/INFO]:  Hello Minecraft World [m
[15:57:57] [Server thread/INFO]:  Hello Minecraft World [m
[15:57:57] [Server thread/INFO]: [RaspberryJuice] Closed connection to/127.0.0.1:63533.
[15:58:54] [Server thread/INFO]: animalito1000 lost connection: Disconnected
[15:58:54] [Server thread/INFO]: animalito1000 left the game
